2025-04-16 07:16:08,075 - INFO - Starting economic vitality metrics calculation...
2025-04-16 07:16:08,075 - INFO - Loading MSA-level data...
2025-04-16 07:16:08,075 - INFO - Loading combined metrics from /Users/sandeepmangaraj/myworkspace/Utilities/wmmo/wmmo_analytics/msadata/msa_combined_metrics_20250416.csv
2025-04-16 07:16:08,077 - INFO - Loading BEA GDP data from /Users/sandeepmangaraj/myworkspace/Utilities/wmmo/wmmo_analytics/msadata/msa_bea_gdp_growth_20250416.csv
2025-04-16 07:16:08,077 - INFO - Loaded MSA data: combined, gdp
2025-04-16 07:16:08,077 - INFO - Checking for previously calculated metrics...
2025-04-16 07:16:08,077 - INFO - Loading HNWI metrics from /Users/sandeepmangaraj/myworkspace/Utilities/wmmo/wmmo_analytics/metrics/hnwi_density_metrics_20250416.csv
2025-04-16 07:16:08,078 - INFO - Loading financial services metrics from /Users/sandeepmangaraj/myworkspace/Utilities/wmmo/wmmo_analytics/metrics/financial_services_metrics_20250416.csv
2025-04-16 07:16:08,078 - INFO - Loaded previously calculated metrics: hnwi, fs
2025-04-16 07:16:08,078 - INFO - Calculating GDP Growth Trend...
2025-04-16 07:16:08,080 - ERROR - Error calculating GDP Growth Trend: "None of [Index(['cbsa_code', 'gdp_cagr', 'years_measured', 'gdp_total_growth'], dtype='object')] are in the [columns]"
2025-04-16 07:16:08,080 - INFO - Analyzing wealth-creating industries...
2025-04-16 07:16:08,080 - WARNING - No industry data available for analysis
2025-04-16 07:16:08,080 - INFO - Estimating executive density...
2025-04-16 07:16:08,080 - INFO - Created executive density proxy based on high-income households
2025-04-16 07:16:08,080 - INFO - Creating Economic Vitality Index...
2025-04-16 07:16:08,081 - INFO - Created Economic Vitality Index using 1 metrics
2025-04-16 07:16:08,081 - INFO - Creating economic vitality rankings...
2025-04-16 07:16:08,081 - INFO - Created economic vitality rankings using 1 metrics
2025-04-16 07:16:08,081 - INFO - Combining all metrics...
2025-04-16 07:16:08,082 - INFO - Added HNWI metrics: hnwi_density_rank
2025-04-16 07:16:08,083 - INFO - Added financial services metrics: opportunity_score, opportunity_level, coverage_opportunity_rank
2025-04-16 07:16:08,083 - INFO - Saving results...
2025-04-16 07:16:08,083 - INFO - Saved economic vitality metrics to /Users/sandeepmangaraj/myworkspace/Utilities/wmmo/wmmo_analytics/metrics/economic_vitality_metrics_20250416.csv
2025-04-16 07:16:08,084 - INFO - Saved rankings to /Users/sandeepmangaraj/myworkspace/Utilities/wmmo/wmmo_analytics/metrics/economic_vitality_rankings_20250416.csv
2025-04-16 07:16:08,084 - INFO - Created documentation file at /Users/sandeepmangaraj/myworkspace/Utilities/wmmo/wmmo_analytics/metrics/economic_vitality_metrics_documentation.md
2025-04-16 07:16:08,084 - INFO - Economic vitality metrics calculation complete!
2025-04-16 07:23:28,596 - INFO - Starting economic vitality metrics calculation...
2025-04-16 07:23:28,597 - INFO - Loading MSA-level data...
2025-04-16 07:23:28,597 - INFO - Loading combined metrics from /Users/sandeepmangaraj/myworkspace/Utilities/wmmo/wmmo_analytics/msadata/msa_combined_metrics_20250416.csv
2025-04-16 07:23:28,599 - INFO - Loading BEA GDP data from /Users/sandeepmangaraj/myworkspace/Utilities/wmmo/wmmo_analytics/msadata/msa_bea_gdp_growth_20250416.csv
2025-04-16 07:23:28,600 - INFO - Loaded MSA data: combined, gdp
2025-04-16 07:23:28,600 - INFO - Checking for previously calculated metrics...
2025-04-16 07:23:28,600 - INFO - Loading HNWI metrics from /Users/sandeepmangaraj/myworkspace/Utilities/wmmo/wmmo_analytics/metrics/hnwi_density_metrics_20250416.csv
2025-04-16 07:23:28,601 - INFO - Loading financial services metrics from /Users/sandeepmangaraj/myworkspace/Utilities/wmmo/wmmo_analytics/metrics/financial_services_metrics_20250416.csv
2025-04-16 07:23:28,601 - INFO - Loaded previously calculated metrics: hnwi, fs
2025-04-16 07:23:28,601 - INFO - Calculating GDP Growth Trend...
2025-04-16 07:23:28,602 - ERROR - Error calculating GDP Growth Trend: "None of [Index(['cbsa_code', 'gdp_cagr', 'years_measured', 'gdp_total_growth'], dtype='object')] are in the [columns]"
2025-04-16 07:23:28,603 - INFO - Analyzing wealth-creating industries...
2025-04-16 07:23:28,603 - WARNING - No industry data available for analysis
2025-04-16 07:23:28,603 - INFO - Estimating executive density...
2025-04-16 07:23:28,603 - INFO - Created executive density proxy based on high-income households
2025-04-16 07:23:28,603 - INFO - Creating Economic Vitality Index...
2025-04-16 07:23:28,604 - INFO - Created Economic Vitality Index using 1 metrics
2025-04-16 07:23:28,604 - INFO - Creating economic vitality rankings...
2025-04-16 07:23:28,604 - INFO - Created economic vitality rankings using 1 metrics
2025-04-16 07:23:28,604 - INFO - Combining all metrics...
2025-04-16 07:23:28,605 - INFO - Added HNWI metrics: hnwi_density_rank
2025-04-16 07:23:28,605 - INFO - Added financial services metrics: opportunity_score, opportunity_level, coverage_opportunity_rank
2025-04-16 07:23:28,606 - INFO - Saving results...
2025-04-16 07:23:28,606 - INFO - Saved economic vitality metrics to /Users/sandeepmangaraj/myworkspace/Utilities/wmmo/wmmo_analytics/metrics/economic_vitality_metrics_20250416.csv
2025-04-16 07:23:28,606 - INFO - Saved rankings to /Users/sandeepmangaraj/myworkspace/Utilities/wmmo/wmmo_analytics/metrics/economic_vitality_rankings_20250416.csv
2025-04-16 07:23:28,607 - INFO - Created documentation file at /Users/sandeepmangaraj/myworkspace/Utilities/wmmo/wmmo_analytics/metrics/economic_vitality_metrics_documentation.md
2025-04-16 07:23:28,607 - INFO - Economic vitality metrics calculation complete!
2025-04-16 08:15:00,392 - INFO - Starting economic vitality metrics calculation...
2025-04-16 08:15:00,392 - INFO - Loading MSA-level data...
2025-04-16 08:15:00,392 - INFO - Loading combined metrics from /Users/sandeepmangaraj/myworkspace/Utilities/wmmo/wmmo_analytics/msadata/msa_combined_metrics_20250416.csv
2025-04-16 08:15:00,400 - INFO - Loading BEA GDP data from /Users/sandeepmangaraj/myworkspace/Utilities/wmmo/wmmo_analytics/msadata/msa_bea_gdp_growth_20250416.csv
2025-04-16 08:15:00,401 - INFO - Loaded MSA data: combined, gdp
2025-04-16 08:15:00,401 - INFO - Checking for previously calculated metrics...
2025-04-16 08:15:00,401 - INFO - Loading HNWI metrics from /Users/sandeepmangaraj/myworkspace/Utilities/wmmo/wmmo_analytics/metrics/hnwi_density_metrics_20250416.csv
2025-04-16 08:15:00,401 - INFO - Loading financial services metrics from /Users/sandeepmangaraj/myworkspace/Utilities/wmmo/wmmo_analytics/metrics/financial_services_metrics_20250416.csv
2025-04-16 08:15:00,402 - INFO - Loaded previously calculated metrics: hnwi, fs
2025-04-16 08:15:00,402 - INFO - Calculating GDP Growth Trend...
2025-04-16 08:15:00,403 - ERROR - Error calculating GDP Growth Trend: "None of [Index(['cbsa_code', 'gdp_cagr', 'years_measured', 'gdp_total_growth'], dtype='object')] are in the [columns]"
2025-04-16 08:15:00,403 - INFO - Analyzing wealth-creating industries...
2025-04-16 08:15:00,403 - WARNING - No industry data available for analysis
2025-04-16 08:15:00,403 - INFO - Estimating executive density...
2025-04-16 08:15:00,404 - INFO - Created executive density proxy based on high-income households
2025-04-16 08:15:00,404 - INFO - Creating Economic Vitality Index...
2025-04-16 08:15:00,404 - INFO - Created Economic Vitality Index using 1 metrics
2025-04-16 08:15:00,404 - INFO - Creating economic vitality rankings...
2025-04-16 08:15:00,405 - INFO - Created economic vitality rankings using 1 metrics
2025-04-16 08:15:00,405 - INFO - Combining all metrics...
2025-04-16 08:15:00,406 - INFO - Added HNWI metrics: hnwi_density_rank
2025-04-16 08:15:00,406 - INFO - Added financial services metrics: opportunity_score, opportunity_level, coverage_opportunity_rank
2025-04-16 08:15:00,406 - INFO - Saving results...
2025-04-16 08:15:00,407 - INFO - Saved economic vitality metrics to /Users/sandeepmangaraj/myworkspace/Utilities/wmmo/wmmo_analytics/metrics/economic_vitality_metrics_20250416.csv
2025-04-16 08:15:00,407 - INFO - Saved rankings to /Users/sandeepmangaraj/myworkspace/Utilities/wmmo/wmmo_analytics/metrics/economic_vitality_rankings_20250416.csv
2025-04-16 08:15:00,407 - INFO - Created documentation file at /Users/sandeepmangaraj/myworkspace/Utilities/wmmo/wmmo_analytics/metrics/economic_vitality_metrics_documentation.md
2025-04-16 08:15:00,407 - INFO - Economic vitality metrics calculation complete!
