2025-04-14 10:02:25,477 - INFO - Starting HNWI density metrics calculation...
2025-04-14 10:02:25,477 - INFO - Loading MSA-level data...
2025-04-14 10:02:25,478 - INFO - Loading combined metrics from /Users/sandeepmangaraj/myworkspace/Utilities/wmmo/wmmo_analytics/msadata/msa_combined_metrics_20250414.csv
2025-04-14 10:02:25,480 - INFO - Loading BEA GDP data from /Users/sandeepmangaraj/myworkspace/Utilities/wmmo/wmmo_analytics/msadata/msa_bea_gdp_growth_20250414.csv
2025-04-14 10:02:25,480 - INFO - Loading Census ACS data from /Users/sandeepmangaraj/myworkspace/Utilities/wmmo/wmmo_analytics/msadata/msa_census_acs_20250414.csv
2025-04-14 10:02:25,481 - INFO - Loaded MSA data: combined, gdp, acs
2025-04-14 10:02:25,481 - INFO - Calculating HNWI Density Index...
2025-04-14 10:02:25,482 - INFO - Calculated HNWI Density Index using 3 indicators
2025-04-14 10:02:25,482 - INFO - Calculating Wealth Growth Rate...
2025-04-14 10:02:25,484 - ERROR - Error calculating Wealth Growth Rate: "None of [Index(['cbsa_code', 'gdp_cagr', 'years_measured'], dtype='object')] are in the [columns]"
2025-04-14 10:02:25,484 - INFO - Calculating Luxury Real Estate Quotient...
2025-04-14 10:02:25,484 - INFO - Using pre-calculated Luxury Real Estate Quotient
2025-04-14 10:02:25,484 - INFO - Calculating Income Elite Ratio...
2025-04-14 10:02:25,484 - INFO - Using pre-calculated Income Elite Ratio
2025-04-14 10:02:25,484 - INFO - Calculating Banking Deposit Intensity...
2025-04-14 10:02:25,484 - WARNING - No suitable data available to calculate Banking Deposit Intensity
2025-04-14 10:02:25,484 - INFO - Creating HNWI density rankings...
2025-04-14 10:02:25,486 - INFO - Created HNWI density rankings using 2 metrics
2025-04-14 10:02:25,486 - INFO - Saving results...
2025-04-14 10:02:25,486 - INFO - Saved complete metrics to /Users/sandeepmangaraj/myworkspace/Utilities/wmmo/wmmo_analytics/metrics/hnwi_density_metrics_20250414.csv
2025-04-14 10:02:25,487 - INFO - Saved rankings to /Users/sandeepmangaraj/myworkspace/Utilities/wmmo/wmmo_analytics/metrics/hnwi_density_rankings_20250414.csv
2025-04-14 10:02:25,487 - INFO - Created documentation file at /Users/sandeepmangaraj/myworkspace/Utilities/wmmo/wmmo_analytics/metrics/hnwi_density_metrics_documentation.md
2025-04-14 10:02:25,487 - INFO - HNWI density metrics calculation complete!
2025-04-16 07:10:51,732 - INFO - Starting HNWI density metrics calculation...
2025-04-16 07:10:51,732 - INFO - Loading MSA-level data...
2025-04-16 07:10:51,732 - INFO - Loading combined metrics from /Users/sandeepmangaraj/myworkspace/Utilities/wmmo/wmmo_analytics/msadata/msa_combined_metrics_20250416.csv
2025-04-16 07:10:51,735 - INFO - Loading BEA GDP data from /Users/sandeepmangaraj/myworkspace/Utilities/wmmo/wmmo_analytics/msadata/msa_bea_gdp_growth_20250416.csv
2025-04-16 07:10:51,735 - INFO - Loading Census ACS data from /Users/sandeepmangaraj/myworkspace/Utilities/wmmo/wmmo_analytics/msadata/msa_census_acs_20250416.csv
2025-04-16 07:10:51,736 - INFO - Loaded MSA data: combined, gdp, acs
2025-04-16 07:10:51,736 - INFO - Calculating HNWI Density Index...
2025-04-16 07:10:51,737 - INFO - Calculated HNWI Density Index using 3 indicators
2025-04-16 07:10:51,737 - INFO - Calculating Wealth Growth Rate...
2025-04-16 07:10:51,738 - ERROR - Error calculating Wealth Growth Rate: "None of [Index(['cbsa_code', 'gdp_cagr', 'years_measured'], dtype='object')] are in the [columns]"
2025-04-16 07:10:51,738 - INFO - Calculating Luxury Real Estate Quotient...
2025-04-16 07:10:51,738 - INFO - Using pre-calculated Luxury Real Estate Quotient
2025-04-16 07:10:51,738 - INFO - Calculating Income Elite Ratio...
2025-04-16 07:10:51,738 - INFO - Using pre-calculated Income Elite Ratio
2025-04-16 07:10:51,738 - INFO - Calculating Banking Deposit Intensity...
2025-04-16 07:10:51,738 - WARNING - No suitable data available to calculate Banking Deposit Intensity
2025-04-16 07:10:51,739 - INFO - Creating HNWI density rankings...
2025-04-16 07:10:51,739 - INFO - Created HNWI density rankings using 2 metrics
2025-04-16 07:10:51,739 - INFO - Saving results...
2025-04-16 07:10:51,740 - INFO - Saved complete metrics to /Users/sandeepmangaraj/myworkspace/Utilities/wmmo/wmmo_analytics/metrics/hnwi_density_metrics_20250416.csv
2025-04-16 07:10:51,740 - INFO - Saved rankings to /Users/sandeepmangaraj/myworkspace/Utilities/wmmo/wmmo_analytics/metrics/hnwi_density_rankings_20250416.csv
2025-04-16 07:10:51,741 - INFO - Created documentation file at /Users/sandeepmangaraj/myworkspace/Utilities/wmmo/wmmo_analytics/metrics/hnwi_density_metrics_documentation.md
2025-04-16 07:10:51,741 - INFO - HNWI density metrics calculation complete!
2025-04-16 07:16:07,417 - INFO - Starting HNWI density metrics calculation...
2025-04-16 07:16:07,417 - INFO - Loading MSA-level data...
2025-04-16 07:16:07,418 - INFO - Loading combined metrics from /Users/sandeepmangaraj/myworkspace/Utilities/wmmo/wmmo_analytics/msadata/msa_combined_metrics_20250416.csv
2025-04-16 07:16:07,420 - INFO - Loading BEA GDP data from /Users/sandeepmangaraj/myworkspace/Utilities/wmmo/wmmo_analytics/msadata/msa_bea_gdp_growth_20250416.csv
2025-04-16 07:16:07,420 - INFO - Loading Census ACS data from /Users/sandeepmangaraj/myworkspace/Utilities/wmmo/wmmo_analytics/msadata/msa_census_acs_20250416.csv
2025-04-16 07:16:07,421 - INFO - Loaded MSA data: combined, gdp, acs
2025-04-16 07:16:07,421 - INFO - Calculating HNWI Density Index...
2025-04-16 07:16:07,422 - INFO - Calculated HNWI Density Index using 3 indicators
2025-04-16 07:16:07,422 - INFO - Calculating Wealth Growth Rate...
2025-04-16 07:16:07,424 - ERROR - Error calculating Wealth Growth Rate: "None of [Index(['cbsa_code', 'gdp_cagr', 'years_measured'], dtype='object')] are in the [columns]"
2025-04-16 07:16:07,424 - INFO - Calculating Luxury Real Estate Quotient...
2025-04-16 07:16:07,424 - INFO - Using pre-calculated Luxury Real Estate Quotient
2025-04-16 07:16:07,424 - INFO - Calculating Income Elite Ratio...
2025-04-16 07:16:07,424 - INFO - Using pre-calculated Income Elite Ratio
2025-04-16 07:16:07,424 - INFO - Calculating Banking Deposit Intensity...
2025-04-16 07:16:07,424 - WARNING - No suitable data available to calculate Banking Deposit Intensity
2025-04-16 07:16:07,424 - INFO - Creating HNWI density rankings...
2025-04-16 07:16:07,426 - INFO - Created HNWI density rankings using 2 metrics
2025-04-16 07:16:07,426 - INFO - Saving results...
2025-04-16 07:16:07,426 - INFO - Saved complete metrics to /Users/sandeepmangaraj/myworkspace/Utilities/wmmo/wmmo_analytics/metrics/hnwi_density_metrics_20250416.csv
2025-04-16 07:16:07,427 - INFO - Saved rankings to /Users/sandeepmangaraj/myworkspace/Utilities/wmmo/wmmo_analytics/metrics/hnwi_density_rankings_20250416.csv
2025-04-16 07:16:07,427 - INFO - Created documentation file at /Users/sandeepmangaraj/myworkspace/Utilities/wmmo/wmmo_analytics/metrics/hnwi_density_metrics_documentation.md
2025-04-16 07:16:07,427 - INFO - HNWI density metrics calculation complete!
2025-04-16 07:23:27,942 - INFO - Starting HNWI density metrics calculation...
2025-04-16 07:23:27,943 - INFO - Loading MSA-level data...
2025-04-16 07:23:27,943 - INFO - Loading combined metrics from /Users/sandeepmangaraj/myworkspace/Utilities/wmmo/wmmo_analytics/msadata/msa_combined_metrics_20250416.csv
2025-04-16 07:23:27,945 - INFO - Loading BEA GDP data from /Users/sandeepmangaraj/myworkspace/Utilities/wmmo/wmmo_analytics/msadata/msa_bea_gdp_growth_20250416.csv
2025-04-16 07:23:27,946 - INFO - Loading Census ACS data from /Users/sandeepmangaraj/myworkspace/Utilities/wmmo/wmmo_analytics/msadata/msa_census_acs_20250416.csv
2025-04-16 07:23:27,946 - INFO - Loaded MSA data: combined, gdp, acs
2025-04-16 07:23:27,946 - INFO - Calculating HNWI Density Index...
2025-04-16 07:23:27,948 - INFO - Calculated HNWI Density Index using 3 indicators
2025-04-16 07:23:27,948 - INFO - Calculating Wealth Growth Rate...
2025-04-16 07:23:27,949 - ERROR - Error calculating Wealth Growth Rate: "None of [Index(['cbsa_code', 'gdp_cagr', 'years_measured'], dtype='object')] are in the [columns]"
2025-04-16 07:23:27,949 - INFO - Calculating Luxury Real Estate Quotient...
2025-04-16 07:23:27,950 - INFO - Using pre-calculated Luxury Real Estate Quotient
2025-04-16 07:23:27,950 - INFO - Calculating Income Elite Ratio...
2025-04-16 07:23:27,950 - INFO - Using pre-calculated Income Elite Ratio
2025-04-16 07:23:27,950 - INFO - Calculating Banking Deposit Intensity...
2025-04-16 07:23:27,950 - WARNING - No suitable data available to calculate Banking Deposit Intensity
2025-04-16 07:23:27,950 - INFO - Creating HNWI density rankings...
2025-04-16 07:23:27,951 - INFO - Created HNWI density rankings using 2 metrics
2025-04-16 07:23:27,951 - INFO - Saving results...
2025-04-16 07:23:27,952 - INFO - Saved complete metrics to /Users/sandeepmangaraj/myworkspace/Utilities/wmmo/wmmo_analytics/metrics/hnwi_density_metrics_20250416.csv
2025-04-16 07:23:27,952 - INFO - Saved rankings to /Users/sandeepmangaraj/myworkspace/Utilities/wmmo/wmmo_analytics/metrics/hnwi_density_rankings_20250416.csv
2025-04-16 07:23:27,952 - INFO - Created documentation file at /Users/sandeepmangaraj/myworkspace/Utilities/wmmo/wmmo_analytics/metrics/hnwi_density_metrics_documentation.md
2025-04-16 07:23:27,952 - INFO - HNWI density metrics calculation complete!
2025-04-16 08:14:59,705 - INFO - Starting HNWI density metrics calculation...
2025-04-16 08:14:59,705 - INFO - Loading MSA-level data...
2025-04-16 08:14:59,706 - INFO - Loading combined metrics from /Users/sandeepmangaraj/myworkspace/Utilities/wmmo/wmmo_analytics/msadata/msa_combined_metrics_20250416.csv
2025-04-16 08:14:59,713 - INFO - Loading BEA GDP data from /Users/sandeepmangaraj/myworkspace/Utilities/wmmo/wmmo_analytics/msadata/msa_bea_gdp_growth_20250416.csv
2025-04-16 08:14:59,714 - INFO - Loading Census ACS data from /Users/sandeepmangaraj/myworkspace/Utilities/wmmo/wmmo_analytics/msadata/msa_census_acs_20250416.csv
2025-04-16 08:14:59,715 - INFO - Loaded MSA data: combined, gdp, acs
2025-04-16 08:14:59,716 - INFO - Calculating HNWI Density Index...
2025-04-16 08:14:59,717 - INFO - Calculated HNWI Density Index using 3 indicators
2025-04-16 08:14:59,717 - INFO - Calculating Wealth Growth Rate...
2025-04-16 08:14:59,718 - ERROR - Error calculating Wealth Growth Rate: "None of [Index(['cbsa_code', 'gdp_cagr', 'years_measured'], dtype='object')] are in the [columns]"
2025-04-16 08:14:59,719 - INFO - Calculating Luxury Real Estate Quotient...
2025-04-16 08:14:59,719 - INFO - Using pre-calculated Luxury Real Estate Quotient
2025-04-16 08:14:59,719 - INFO - Calculating Income Elite Ratio...
2025-04-16 08:14:59,719 - INFO - Using pre-calculated Income Elite Ratio
2025-04-16 08:14:59,719 - INFO - Calculating Banking Deposit Intensity...
2025-04-16 08:14:59,719 - WARNING - No suitable data available to calculate Banking Deposit Intensity
2025-04-16 08:14:59,719 - INFO - Creating HNWI density rankings...
2025-04-16 08:14:59,720 - INFO - Created HNWI density rankings using 2 metrics
2025-04-16 08:14:59,720 - INFO - Saving results...
2025-04-16 08:14:59,720 - INFO - Saved complete metrics to /Users/sandeepmangaraj/myworkspace/Utilities/wmmo/wmmo_analytics/metrics/hnwi_density_metrics_20250416.csv
2025-04-16 08:14:59,722 - INFO - Saved rankings to /Users/sandeepmangaraj/myworkspace/Utilities/wmmo/wmmo_analytics/metrics/hnwi_density_rankings_20250416.csv
2025-04-16 08:14:59,722 - INFO - Created documentation file at /Users/sandeepmangaraj/myworkspace/Utilities/wmmo/wmmo_analytics/metrics/hnwi_density_metrics_documentation.md
2025-04-16 08:14:59,722 - INFO - HNWI density metrics calculation complete!
